[3/27/2023] server	 employee-router.js = {
  _id: new ObjectId("64190307e870ecf0230dc5b1"),
  empId: 1007,
  firstName: 'Ludwig',
  lastName: 'Beethoven'
}
[3/27/2023] server	 employee-route.js = {
  _id: new ObjectId("64190307e870ecf0230dc5b1"),
  empId: 1007,
  todo: [],
  done: []
}
[3/27/2023] server	 employee-route.js = {
  _id: new ObjectId("64190307e870ecf0230dc5b1"),
  empId: 1007,
  todo: [],
  done: []
}
[3/27/2023] server	 employee-route.js = {
  _id: new ObjectId("64190307e870ecf0230dc5b1"),
  empId: 1007,
  todo: [],
  done: []
}
[3/27/2023] server	 employee-route.js = {
  _id: new ObjectId("64190307e870ecf0230dc5b1"),
  empId: 1007,
  todo: [],
  done: []
}
[3/27/2023] server	 employee-route.js = {
  _id: new ObjectId("64190307e870ecf0230dc5b1"),
  empId: 1007,
  todo: [],
  done: []
}
[3/27/2023] server	 employee-route.js = {
  _id: new ObjectId("64190307e870ecf0230dc5b1"),
  empId: 1007,
  todo: [],
  done: []
}
[3/27/2023] server	 employee-route.js = {
  _id: new ObjectId("64190307e870ecf0230dc5b1"),
  empId: 1007,
  todo: [],
  done: []
}
[3/27/2023] server	 employee-route.js = {
  _id: new ObjectId("64190307e870ecf0230dc5b1"),
  empId: 1007,
  firstName: 'Ludwig',
  lastName: 'Beethoven',
  todo: [
    {
      text: 'Go to bed early',
      _id: new ObjectId("64225b0a46e4fbb56521bbfb")
    }
  ],
  done: [],
  __v: 1
}
[3/29/2023] server	 employee-route.js = {
  _id: new ObjectId("64190307e870ecf0230dc5b1"),
  empId: 1007,
  firstName: 'Ludwig',
  lastName: 'Beethoven',
  __v: 1,
  done: [],
  todo: [
    {
      text: 'Go to bed early',
      _id: new ObjectId("64225b0a46e4fbb56521bbfb")
    }
  ]
}
[3/29/2023] server	 employee-route.js = {
  _id: new ObjectId("641903abe870ecf0230dc5b2"),
  empId: 1008,
  firstName: 'Hans',
  lastName: 'Zimmer',
  todo: [],
  done: []
}
[3/29/2023] server	 employee-route.js = {
  _id: new ObjectId("641903cde870ecf0230dc5b3"),
  empId: 1009,
  firstName: 'Philip',
  lastName: 'Fry',
  todo: [],
  done: []
}
[3/29/2023] server	 employee-route.js = {
  _id: new ObjectId("641903cde870ecf0230dc5b3"),
  empId: 1009,
  firstName: 'Philip',
  lastName: 'Fry',
  todo: [],
  done: []
}
[3/29/2023] server	 employee-route.js = {
  _id: new ObjectId("641903cde870ecf0230dc5b3"),
  empId: 1009,
  firstName: 'Philip',
  lastName: 'Fry',
  todo: [
    {
      text: 'load the dishwasher',
      _id: new ObjectId("6424cb956e46a41a1f02e58c")
    }
  ],
  done: [],
  __v: 1
}
[3/29/2023] server	 employee-route.js = {
  _id: new ObjectId("641903cde870ecf0230dc5b3"),
  empId: 1009,
  firstName: 'Philip',
  lastName: 'Fry',
  __v: 1,
  done: [],
  todo: [
    {
      text: 'load the dishwasher',
      _id: new ObjectId("6424cb956e46a41a1f02e58c")
    }
  ]
}
[3/29/2023] server	 employee-route.js = {
  _id: new ObjectId("64190307e870ecf0230dc5b1"),
  empId: 1007,
  firstName: 'Ludwig',
  lastName: 'Beethoven',
  __v: 1,
  done: [],
  todo: [
    {
      text: 'Go to bed early',
      _id: new ObjectId("64225b0a46e4fbb56521bbfb")
    }
  ]
}
[3/29/2023] server	 employee-route.js = {
  _id: new ObjectId("64190307e870ecf0230dc5b1"),
  empId: 1007,
  firstName: 'Ludwig',
  lastName: 'Beethoven',
  __v: 1,
  done: [],
  todo: [
    {
      text: 'Go to bed early',
      _id: new ObjectId("64225b0a46e4fbb56521bbfb")
    }
  ]
}
[3/29/2023] server	 employee-route.js = {
  _id: new ObjectId("64190307e870ecf0230dc5b1"),
  empId: 1007,
  firstName: 'Ludwig',
  lastName: 'Beethoven',
  __v: 1,
  done: [],
  todo: [
    {
      text: 'Go to bed early',
      _id: new ObjectId("64225b0a46e4fbb56521bbfb")
    }
  ]
}
[3/29/2023] server	 employee-route.js = {
  _id: new ObjectId("64190307e870ecf0230dc5b1"),
  empId: 1007,
  done: [],
  todo: [
    {
      text: 'Go to bed early',
      _id: new ObjectId("64225b0a46e4fbb56521bbfb")
    }
  ]
}
[3/29/2023] server	 employee-route.js = {
  _id: new ObjectId("641903cde870ecf0230dc5b3"),
  empId: 1009,
  done: [],
  todo: [
    {
      text: 'load the dishwasher',
      _id: new ObjectId("6424cb956e46a41a1f02e58c")
    }
  ]
}
[3/29/2023] server	 employee-route.js = {
  _id: new ObjectId("64190307e870ecf0230dc5b1"),
  empId: 1007,
  firstName: 'Ludwig',
  lastName: 'Beethoven',
  __v: 2,
  done: [],
  todo: [
    {
      text: 'Go to bed early',
      _id: new ObjectId("64225b0a46e4fbb56521bbfb")
    },
    {
      text: 'walk the dog',
      _id: new ObjectId("6424d513feb012aaf96496ed")
    }
  ]
}
[3/29/2023] server	 employee-route.js = {
  _id: new ObjectId("64190307e870ecf0230dc5b1"),
  empId: 1007,
  firstName: 'Ludwig',
  lastName: 'Beethoven',
  __v: 3,
  done: [],
  todo: [
    {
      text: 'Go to bed early',
      _id: new ObjectId("64225b0a46e4fbb56521bbfb")
    },
    {
      text: 'walk the dog',
      _id: new ObjectId("6424d513feb012aaf96496ed")
    },
    {
      text: 'walk the dog',
      _id: new ObjectId("6424d70c7fce8e8780b1acb4")
    }
  ]
}
[3/29/2023] server	 employee-route.js = {
  _id: new ObjectId("64190307e870ecf0230dc5b1"),
  empId: 1007,
  firstName: 'Ludwig',
  lastName: 'Beethoven',
  __v: 3,
  done: [],
  todo: [
    {
      text: 'Go to bed early',
      _id: new ObjectId("64225b0a46e4fbb56521bbfb")
    },
    {
      text: 'walk the dog',
      _id: new ObjectId("6424d513feb012aaf96496ed")
    },
    {
      text: 'walk the dog',
      _id: new ObjectId("6424d70c7fce8e8780b1acb4")
    }
  ]
}
[3/29/2023] server	 employee-route.js = {
  _id: new ObjectId("64190307e870ecf0230dc5b1"),
  empId: 1007,
  firstName: 'Ludwig',
  lastName: 'Beethoven',
  __v: 4,
  done: [],
  todo: [
    {
      text: 'Go to bed early',
      _id: new ObjectId("64225b0a46e4fbb56521bbfb")
    },
    {
      text: 'walk the dog',
      _id: new ObjectId("6424d513feb012aaf96496ed")
    },
    {
      text: 'walk the dog',
      _id: new ObjectId("6424d70c7fce8e8780b1acb4")
    },
    {
      text: 'take a nap',
      _id: new ObjectId("6424d844feb10e4cf91f7528")
    }
  ]
}
[3/29/2023] server	 employee-route.js = {
  _id: new ObjectId("64190307e870ecf0230dc5b1"),
  empId: 1007,
  done: [],
  todo: [
    {
      text: 'Go to bed early',
      _id: new ObjectId("64225b0a46e4fbb56521bbfb")
    },
    {
      text: 'walk the dog',
      _id: new ObjectId("6424d513feb012aaf96496ed")
    },
    {
      text: 'walk the dog',
      _id: new ObjectId("6424d70c7fce8e8780b1acb4")
    },
    {
      text: 'take a nap',
      _id: new ObjectId("6424d844feb10e4cf91f7528")
    }
  ]
}
[3/29/2023] server	 employee-route.js = {
  _id: new ObjectId("64190307e870ecf0230dc5b1"),
  empId: 1007,
  done: [],
  todo: [
    {
      text: 'Go to bed early',
      _id: new ObjectId("64225b0a46e4fbb56521bbfb")
    },
    {
      text: 'walk the dog',
      _id: new ObjectId("6424d513feb012aaf96496ed")
    },
    {
      text: 'walk the dog',
      _id: new ObjectId("6424d70c7fce8e8780b1acb4")
    },
    {
      text: 'take a nap',
      _id: new ObjectId("6424d844feb10e4cf91f7528")
    }
  ]
}
[3/29/2023] server	 employee-route.js = {
  _id: new ObjectId("64190307e870ecf0230dc5b1"),
  empId: 1007,
  done: [],
  todo: [
    {
      text: 'Go to bed early',
      _id: new ObjectId("64225b0a46e4fbb56521bbfb")
    },
    {
      text: 'walk the dog',
      _id: new ObjectId("6424d513feb012aaf96496ed")
    },
    {
      text: 'walk the dog',
      _id: new ObjectId("6424d70c7fce8e8780b1acb4")
    },
    {
      text: 'take a nap',
      _id: new ObjectId("6424d844feb10e4cf91f7528")
    }
  ]
}
[3/29/2023] server	 employee-route.js = {
  _id: new ObjectId("64190307e870ecf0230dc5b1"),
  empId: 1007,
  done: [],
  todo: [
    {
      text: 'Go to bed early',
      _id: new ObjectId("64225b0a46e4fbb56521bbfb")
    },
    {
      text: 'walk the dog',
      _id: new ObjectId("6424d513feb012aaf96496ed")
    },
    {
      text: 'walk the dog',
      _id: new ObjectId("6424d70c7fce8e8780b1acb4")
    },
    {
      text: 'take a nap',
      _id: new ObjectId("6424d844feb10e4cf91f7528")
    }
  ]
}
[3/29/2023] server	 employee-route.js = {
  _id: new ObjectId("64190307e870ecf0230dc5b1"),
  empId: 1007,
  done: [],
  todo: [
    {
      text: 'Go to bed early',
      _id: new ObjectId("64225b0a46e4fbb56521bbfb")
    },
    {
      text: 'walk the dog',
      _id: new ObjectId("6424d513feb012aaf96496ed")
    },
    {
      text: 'walk the dog',
      _id: new ObjectId("6424d70c7fce8e8780b1acb4")
    },
    {
      text: 'take a nap',
      _id: new ObjectId("6424d844feb10e4cf91f7528")
    }
  ]
}
[3/29/2023] server	 employee-route.js = {
  _id: new ObjectId("64190307e870ecf0230dc5b1"),
  empId: 1007,
  done: [],
  todo: [
    {
      text: 'Go to bed early',
      _id: new ObjectId("64225b0a46e4fbb56521bbfb")
    },
    {
      text: 'walk the dog',
      _id: new ObjectId("6424d513feb012aaf96496ed")
    },
    {
      text: 'walk the dog',
      _id: new ObjectId("6424d70c7fce8e8780b1acb4")
    },
    {
      text: 'take a nap',
      _id: new ObjectId("6424d844feb10e4cf91f7528")
    }
  ]
}
[3/29/2023] server	 employee-route.js = {
  _id: new ObjectId("64190307e870ecf0230dc5b1"),
  empId: 1007,
  done: [],
  todo: [
    {
      text: 'Go to bed early',
      _id: new ObjectId("64225b0a46e4fbb56521bbfb")
    },
    {
      text: 'walk the dog',
      _id: new ObjectId("6424d513feb012aaf96496ed")
    },
    {
      text: 'walk the dog',
      _id: new ObjectId("6424d70c7fce8e8780b1acb4")
    },
    {
      text: 'take a nap',
      _id: new ObjectId("6424d844feb10e4cf91f7528")
    }
  ]
}
[3/29/2023] server	 employee-route.js = {
  _id: new ObjectId("64190307e870ecf0230dc5b1"),
  empId: 1007,
  done: [],
  todo: [
    {
      text: 'Go to bed early',
      _id: new ObjectId("64225b0a46e4fbb56521bbfb")
    },
    {
      text: 'walk the dog',
      _id: new ObjectId("6424d513feb012aaf96496ed")
    },
    {
      text: 'walk the dog',
      _id: new ObjectId("6424d70c7fce8e8780b1acb4")
    },
    {
      text: 'take a nap',
      _id: new ObjectId("6424d844feb10e4cf91f7528")
    }
  ]
}
[3/29/2023] server	 employee-route.js = {
  _id: new ObjectId("64190307e870ecf0230dc5b1"),
  empId: 1007,
  done: [],
  todo: [
    {
      text: 'Go to bed early',
      _id: new ObjectId("64225b0a46e4fbb56521bbfb")
    },
    {
      text: 'walk the dog',
      _id: new ObjectId("6424d513feb012aaf96496ed")
    },
    {
      text: 'walk the dog',
      _id: new ObjectId("6424d70c7fce8e8780b1acb4")
    },
    {
      text: 'take a nap',
      _id: new ObjectId("6424d844feb10e4cf91f7528")
    }
  ]
}
[3/29/2023] server	 employee-route.js = {
  _id: new ObjectId("64190307e870ecf0230dc5b1"),
  empId: 1007,
  done: [],
  todo: [
    {
      text: 'Go to bed early',
      _id: new ObjectId("64225b0a46e4fbb56521bbfb")
    },
    {
      text: 'walk the dog',
      _id: new ObjectId("6424d513feb012aaf96496ed")
    },
    {
      text: 'walk the dog',
      _id: new ObjectId("6424d70c7fce8e8780b1acb4")
    },
    {
      text: 'take a nap',
      _id: new ObjectId("6424d844feb10e4cf91f7528")
    }
  ]
}
[3/29/2023] server	 employee-route.js = {
  _id: new ObjectId("64190307e870ecf0230dc5b1"),
  empId: 1007,
  done: [],
  todo: [
    {
      text: 'Go to bed early',
      _id: new ObjectId("64225b0a46e4fbb56521bbfb")
    },
    {
      text: 'walk the dog',
      _id: new ObjectId("6424d513feb012aaf96496ed")
    },
    {
      text: 'walk the dog',
      _id: new ObjectId("6424d70c7fce8e8780b1acb4")
    },
    {
      text: 'take a nap',
      _id: new ObjectId("6424d844feb10e4cf91f7528")
    }
  ]
}
[3/29/2023] server	 employee-route.js = {
  _id: new ObjectId("64190307e870ecf0230dc5b1"),
  empId: 1007,
  done: [],
  todo: [
    {
      text: 'Go to bed early',
      _id: new ObjectId("64225b0a46e4fbb56521bbfb")
    },
    {
      text: 'walk the dog',
      _id: new ObjectId("6424d513feb012aaf96496ed")
    },
    {
      text: 'walk the dog',
      _id: new ObjectId("6424d70c7fce8e8780b1acb4")
    },
    {
      text: 'take a nap',
      _id: new ObjectId("6424d844feb10e4cf91f7528")
    }
  ]
}
[3/29/2023] server	 employee-route.js = {
  _id: new ObjectId("64190307e870ecf0230dc5b1"),
  empId: 1007,
  done: [],
  todo: [
    {
      text: 'Go to bed early',
      _id: new ObjectId("64225b0a46e4fbb56521bbfb")
    },
    {
      text: 'walk the dog',
      _id: new ObjectId("6424d513feb012aaf96496ed")
    },
    {
      text: 'walk the dog',
      _id: new ObjectId("6424d70c7fce8e8780b1acb4")
    },
    {
      text: 'take a nap',
      _id: new ObjectId("6424d844feb10e4cf91f7528")
    }
  ]
}
[3/29/2023] server	 employee-route.js = {
  _id: new ObjectId("64190307e870ecf0230dc5b1"),
  empId: 1007,
  done: [],
  todo: [
    {
      text: 'Go to bed early',
      _id: new ObjectId("64225b0a46e4fbb56521bbfb")
    },
    {
      text: 'walk the dog',
      _id: new ObjectId("6424d513feb012aaf96496ed")
    },
    {
      text: 'walk the dog',
      _id: new ObjectId("6424d70c7fce8e8780b1acb4")
    },
    {
      text: 'take a nap',
      _id: new ObjectId("6424d844feb10e4cf91f7528")
    }
  ]
}
[3/29/2023] server	 employee-route.js = {
  _id: new ObjectId("64190307e870ecf0230dc5b1"),
  empId: 1007,
  done: [],
  todo: [
    {
      text: 'Go to bed early',
      _id: new ObjectId("64225b0a46e4fbb56521bbfb")
    },
    {
      text: 'walk the dog',
      _id: new ObjectId("6424d513feb012aaf96496ed")
    },
    {
      text: 'walk the dog',
      _id: new ObjectId("6424d70c7fce8e8780b1acb4")
    },
    {
      text: 'take a nap',
      _id: new ObjectId("6424d844feb10e4cf91f7528")
    }
  ]
}
[3/29/2023] server	 employee-route.js = {
  _id: new ObjectId("64190307e870ecf0230dc5b1"),
  empId: 1007,
  done: [],
  todo: [
    {
      text: 'Go to bed early',
      _id: new ObjectId("64225b0a46e4fbb56521bbfb")
    },
    {
      text: 'walk the dog',
      _id: new ObjectId("6424d513feb012aaf96496ed")
    },
    {
      text: 'walk the dog',
      _id: new ObjectId("6424d70c7fce8e8780b1acb4")
    },
    {
      text: 'take a nap',
      _id: new ObjectId("6424d844feb10e4cf91f7528")
    }
  ]
}
[3/29/2023] server	 employee-route.js = {
  _id: new ObjectId("64190307e870ecf0230dc5b1"),
  empId: 1007,
  done: [],
  todo: [
    {
      text: 'Go to bed early',
      _id: new ObjectId("64225b0a46e4fbb56521bbfb")
    },
    {
      text: 'walk the dog',
      _id: new ObjectId("6424d513feb012aaf96496ed")
    },
    {
      text: 'walk the dog',
      _id: new ObjectId("6424d70c7fce8e8780b1acb4")
    },
    {
      text: 'take a nap',
      _id: new ObjectId("6424d844feb10e4cf91f7528")
    }
  ]
}
[3/29/2023] server	 employee-route.js = {
  _id: new ObjectId("64190307e870ecf0230dc5b1"),
  empId: 1007,
  done: [],
  todo: [
    {
      text: 'Go to bed early',
      _id: new ObjectId("64225b0a46e4fbb56521bbfb")
    },
    {
      text: 'walk the dog',
      _id: new ObjectId("6424d513feb012aaf96496ed")
    },
    {
      text: 'walk the dog',
      _id: new ObjectId("6424d70c7fce8e8780b1acb4")
    },
    {
      text: 'take a nap',
      _id: new ObjectId("6424d844feb10e4cf91f7528")
    }
  ]
}
[3/29/2023] server	 employee-route.js = {
  _id: new ObjectId("64190307e870ecf0230dc5b1"),
  empId: 1007,
  done: [],
  todo: [
    {
      text: 'Go to bed early',
      _id: new ObjectId("64225b0a46e4fbb56521bbfb")
    },
    {
      text: 'walk the dog',
      _id: new ObjectId("6424d513feb012aaf96496ed")
    },
    {
      text: 'walk the dog',
      _id: new ObjectId("6424d70c7fce8e8780b1acb4")
    },
    {
      text: 'take a nap',
      _id: new ObjectId("6424d844feb10e4cf91f7528")
    }
  ]
}
[3/29/2023] server	 employee-route.js = {
  _id: new ObjectId("64190307e870ecf0230dc5b1"),
  empId: 1007,
  done: [],
  todo: [
    {
      text: 'Go to bed early',
      _id: new ObjectId("64225b0a46e4fbb56521bbfb")
    },
    {
      text: 'walk the dog',
      _id: new ObjectId("6424d513feb012aaf96496ed")
    },
    {
      text: 'walk the dog',
      _id: new ObjectId("6424d70c7fce8e8780b1acb4")
    },
    {
      text: 'take a nap',
      _id: new ObjectId("6424d844feb10e4cf91f7528")
    }
  ]
}
[3/29/2023] server	 employee-route.js = {
  _id: new ObjectId("64190307e870ecf0230dc5b1"),
  empId: 1007,
  done: [],
  todo: [
    {
      text: 'Go to bed early',
      _id: new ObjectId("64225b0a46e4fbb56521bbfb")
    },
    {
      text: 'walk the dog',
      _id: new ObjectId("6424d513feb012aaf96496ed")
    },
    {
      text: 'walk the dog',
      _id: new ObjectId("6424d70c7fce8e8780b1acb4")
    },
    {
      text: 'take a nap',
      _id: new ObjectId("6424d844feb10e4cf91f7528")
    }
  ]
}
[3/29/2023] server	 employee-route.js = {
  _id: new ObjectId("64190307e870ecf0230dc5b1"),
  empId: 1007,
  done: [],
  todo: [
    {
      text: 'Go to bed early',
      _id: new ObjectId("64225b0a46e4fbb56521bbfb")
    },
    {
      text: 'walk the dog',
      _id: new ObjectId("6424d513feb012aaf96496ed")
    },
    {
      text: 'walk the dog',
      _id: new ObjectId("6424d70c7fce8e8780b1acb4")
    },
    {
      text: 'take a nap',
      _id: new ObjectId("6424d844feb10e4cf91f7528")
    }
  ]
}
[3/29/2023] server	 employee-route.js = {
  _id: new ObjectId("64190307e870ecf0230dc5b1"),
  empId: 1007,
  done: [],
  todo: [
    {
      text: 'Go to bed early',
      _id: new ObjectId("64225b0a46e4fbb56521bbfb")
    },
    {
      text: 'walk the dog',
      _id: new ObjectId("6424d513feb012aaf96496ed")
    },
    {
      text: 'walk the dog',
      _id: new ObjectId("6424d70c7fce8e8780b1acb4")
    },
    {
      text: 'take a nap',
      _id: new ObjectId("6424d844feb10e4cf91f7528")
    }
  ]
}
[3/29/2023] server	 employee-route.js = {
  _id: new ObjectId("64190307e870ecf0230dc5b1"),
  empId: 1007,
  done: [],
  todo: [
    {
      text: 'Go to bed early',
      _id: new ObjectId("64225b0a46e4fbb56521bbfb")
    },
    {
      text: 'walk the dog',
      _id: new ObjectId("6424d513feb012aaf96496ed")
    },
    {
      text: 'walk the dog',
      _id: new ObjectId("6424d70c7fce8e8780b1acb4")
    },
    {
      text: 'take a nap',
      _id: new ObjectId("6424d844feb10e4cf91f7528")
    }
  ]
}
[3/29/2023] server	 employee-route.js = {
  _id: new ObjectId("64190307e870ecf0230dc5b1"),
  empId: 1007,
  done: [],
  todo: [
    {
      text: 'Go to bed early',
      _id: new ObjectId("64225b0a46e4fbb56521bbfb")
    },
    {
      text: 'walk the dog',
      _id: new ObjectId("6424d513feb012aaf96496ed")
    },
    {
      text: 'walk the dog',
      _id: new ObjectId("6424d70c7fce8e8780b1acb4")
    },
    {
      text: 'take a nap',
      _id: new ObjectId("6424d844feb10e4cf91f7528")
    }
  ]
}
[3/29/2023] server	 employee-route.js = {
  _id: new ObjectId("64190307e870ecf0230dc5b1"),
  empId: 1007,
  done: [],
  todo: [
    {
      text: 'Go to bed early',
      _id: new ObjectId("64225b0a46e4fbb56521bbfb")
    },
    {
      text: 'walk the dog',
      _id: new ObjectId("6424d513feb012aaf96496ed")
    },
    {
      text: 'walk the dog',
      _id: new ObjectId("6424d70c7fce8e8780b1acb4")
    },
    {
      text: 'take a nap',
      _id: new ObjectId("6424d844feb10e4cf91f7528")
    }
  ]
}
[3/29/2023] server	 employee-route.js = {
  _id: new ObjectId("64190307e870ecf0230dc5b1"),
  empId: 1007,
  done: [],
  todo: [
    {
      text: 'Go to bed early',
      _id: new ObjectId("64225b0a46e4fbb56521bbfb")
    },
    {
      text: 'walk the dog',
      _id: new ObjectId("6424d513feb012aaf96496ed")
    },
    {
      text: 'walk the dog',
      _id: new ObjectId("6424d70c7fce8e8780b1acb4")
    },
    {
      text: 'take a nap',
      _id: new ObjectId("6424d844feb10e4cf91f7528")
    }
  ]
}
[3/29/2023] server	 employee-route.js = {
  _id: new ObjectId("64190307e870ecf0230dc5b1"),
  empId: 1007,
  done: [],
  todo: [
    {
      text: 'Go to bed early',
      _id: new ObjectId("64225b0a46e4fbb56521bbfb")
    },
    {
      text: 'walk the dog',
      _id: new ObjectId("6424d513feb012aaf96496ed")
    },
    {
      text: 'walk the dog',
      _id: new ObjectId("6424d70c7fce8e8780b1acb4")
    },
    {
      text: 'take a nap',
      _id: new ObjectId("6424d844feb10e4cf91f7528")
    }
  ]
}
[3/29/2023] server	 employee-route.js = {
  _id: new ObjectId("64190307e870ecf0230dc5b1"),
  empId: 1007,
  done: [],
  todo: [
    {
      text: 'Go to bed early',
      _id: new ObjectId("64225b0a46e4fbb56521bbfb")
    },
    {
      text: 'walk the dog',
      _id: new ObjectId("6424d513feb012aaf96496ed")
    },
    {
      text: 'walk the dog',
      _id: new ObjectId("6424d70c7fce8e8780b1acb4")
    },
    {
      text: 'take a nap',
      _id: new ObjectId("6424d844feb10e4cf91f7528")
    }
  ]
}
[3/29/2023] server	 employee-route.js = {
  _id: new ObjectId("64190307e870ecf0230dc5b1"),
  empId: 1007,
  firstName: 'Ludwig',
  lastName: 'Beethoven',
  __v: 5,
  done: [],
  todo: [
    {
      text: 'Go to bed early',
      _id: new ObjectId("64225b0a46e4fbb56521bbfb")
    },
    {
      text: 'walk the dog',
      _id: new ObjectId("6424d513feb012aaf96496ed")
    },
    {
      text: 'walk the dog',
      _id: new ObjectId("6424d70c7fce8e8780b1acb4")
    },
    {
      text: 'take a nap',
      _id: new ObjectId("6424d844feb10e4cf91f7528")
    },
    {
      text: 'test task',
      _id: new ObjectId("6424ede7feb10e4cf91f75c0")
    }
  ]
}
[3/29/2023] server	 employee-route.js = {
  _id: new ObjectId("64190307e870ecf0230dc5b1"),
  empId: 1007,
  done: [],
  todo: [
    {
      text: 'Go to bed early',
      _id: new ObjectId("64225b0a46e4fbb56521bbfb")
    },
    {
      text: 'walk the dog',
      _id: new ObjectId("6424d513feb012aaf96496ed")
    },
    {
      text: 'walk the dog',
      _id: new ObjectId("6424d70c7fce8e8780b1acb4")
    },
    {
      text: 'take a nap',
      _id: new ObjectId("6424d844feb10e4cf91f7528")
    },
    {
      text: 'test task',
      _id: new ObjectId("6424ede7feb10e4cf91f75c0")
    }
  ]
}
[3/29/2023] server	 employee-route.js = {
  _id: new ObjectId("64190307e870ecf0230dc5b1"),
  empId: 1007,
  done: [],
  todo: [
    {
      text: 'Go to bed early',
      _id: new ObjectId("64225b0a46e4fbb56521bbfb")
    },
    {
      text: 'walk the dog',
      _id: new ObjectId("6424d513feb012aaf96496ed")
    },
    {
      text: 'walk the dog',
      _id: new ObjectId("6424d70c7fce8e8780b1acb4")
    },
    {
      text: 'take a nap',
      _id: new ObjectId("6424d844feb10e4cf91f7528")
    },
    {
      text: 'test task',
      _id: new ObjectId("6424ede7feb10e4cf91f75c0")
    }
  ]
}
[3/29/2023] server	 employee-route.js = {
  _id: new ObjectId("64190307e870ecf0230dc5b1"),
  empId: 1007,
  firstName: 'Ludwig',
  lastName: 'Beethoven',
  __v: 6,
  done: [],
  todo: [
    {
      text: 'Go to bed early',
      _id: new ObjectId("64225b0a46e4fbb56521bbfb")
    },
    {
      text: 'walk the dog',
      _id: new ObjectId("6424d513feb012aaf96496ed")
    },
    {
      text: 'walk the dog',
      _id: new ObjectId("6424d70c7fce8e8780b1acb4")
    },
    {
      text: 'take a nap',
      _id: new ObjectId("6424d844feb10e4cf91f7528")
    },
    {
      text: 'test task',
      _id: new ObjectId("6424ede7feb10e4cf91f75c0")
    },
    { text: 'test 4', _id: new ObjectId("6424ef56feb10e4cf91f75d4") }
  ]
}
[3/30/2023] server	 employee-route.js = {
  _id: new ObjectId("64190307e870ecf0230dc5b1"),
  empId: 1007,
  done: [],
  todo: [
    {
      text: 'Go to bed early',
      _id: new ObjectId("64225b0a46e4fbb56521bbfb")
    },
    {
      text: 'walk the dog',
      _id: new ObjectId("6424d513feb012aaf96496ed")
    },
    {
      text: 'walk the dog',
      _id: new ObjectId("6424d70c7fce8e8780b1acb4")
    },
    {
      text: 'take a nap',
      _id: new ObjectId("6424d844feb10e4cf91f7528")
    },
    {
      text: 'test task',
      _id: new ObjectId("6424ede7feb10e4cf91f75c0")
    },
    { text: 'test 4', _id: new ObjectId("6424ef56feb10e4cf91f75d4") }
  ]
}
[3/30/2023] server	 employee-route.js = {
  _id: new ObjectId("641903abe870ecf0230dc5b2"),
  empId: 1008,
  firstName: 'Hans',
  lastName: 'Zimmer',
  todo: [],
  done: []
}
[3/30/2023] server	 employee-route.js = {
  _id: new ObjectId("641903abe870ecf0230dc5b2"),
  empId: 1008,
  todo: [],
  done: []
}
[3/30/2023] server	 employee-route.js = {
  _id: new ObjectId("641903abe870ecf0230dc5b2"),
  empId: 1008,
  firstName: 'Hans',
  lastName: 'Zimmer',
  todo: [
    {
      text: 'find a job',
      _id: new ObjectId("64258f6cfeb10e4cf91f75e0")
    }
  ],
  done: [],
  __v: 1
}
[3/30/2023] server	 employee-route.js = {
  _id: new ObjectId("641903cde870ecf0230dc5b3"),
  empId: 1009,
  firstName: 'Philip',
  lastName: 'Fry',
  __v: 1,
  done: [],
  todo: [
    {
      text: 'load the dishwasher',
      _id: new ObjectId("6424cb956e46a41a1f02e58c")
    }
  ]
}
[3/30/2023] server	 employee-route.js = {
  _id: new ObjectId("641903cde870ecf0230dc5b3"),
  empId: 1009,
  done: [],
  todo: [
    {
      text: 'load the dishwasher',
      _id: new ObjectId("6424cb956e46a41a1f02e58c")
    }
  ]
}
[3/30/2023] server	 employee-route.js = {
  _id: new ObjectId("641903cde870ecf0230dc5b3"),
  empId: 1009,
  firstName: 'Philip',
  lastName: 'Fry',
  __v: 2,
  done: [],
  todo: [
    {
      text: 'load the dishwasher',
      _id: new ObjectId("6424cb956e46a41a1f02e58c")
    },
    {
      text: 'walk the dog',
      _id: new ObjectId("64261d15feb10e4cf91f75e8")
    }
  ]
}
[3/30/2023] server	 employee-route.js = {
  _id: new ObjectId("641903cde870ecf0230dc5b3"),
  empId: 1009,
  done: [],
  todo: [
    {
      text: 'load the dishwasher',
      _id: new ObjectId("6424cb956e46a41a1f02e58c")
    },
    {
      text: 'walk the dog',
      _id: new ObjectId("64261d15feb10e4cf91f75e8")
    }
  ]
}
[3/30/2023] server	 employee-route.js = {
  _id: new ObjectId("641903cde870ecf0230dc5b3"),
  empId: 1009,
  done: [],
  todo: [
    {
      text: 'load the dishwasher',
      _id: new ObjectId("6424cb956e46a41a1f02e58c")
    },
    {
      text: 'walk the dog',
      _id: new ObjectId("64261d15feb10e4cf91f75e8")
    }
  ]
}
[3/30/2023] server	 employee-route.js = {
  _id: new ObjectId("641903cde870ecf0230dc5b3"),
  empId: 1009,
  firstName: 'Philip',
  lastName: 'Fry',
  __v: 3,
  done: [],
  todo: [
    {
      text: 'load the dishwasher',
      _id: new ObjectId("6424cb956e46a41a1f02e58c")
    },
    {
      text: 'walk the dog',
      _id: new ObjectId("64261d15feb10e4cf91f75e8")
    },
    {
      text: 'walk the dog',
      _id: new ObjectId("64261da0feb10e4cf91f75f3")
    }
  ]
}
[3/30/2023] server	 employee-route.js = {
  _id: new ObjectId("641903cde870ecf0230dc5b3"),
  empId: 1009,
  done: [],
  todo: [
    {
      text: 'load the dishwasher',
      _id: new ObjectId("6424cb956e46a41a1f02e58c")
    },
    {
      text: 'walk the dog',
      _id: new ObjectId("64261d15feb10e4cf91f75e8")
    },
    {
      text: 'walk the dog',
      _id: new ObjectId("64261da0feb10e4cf91f75f3")
    }
  ]
}
[3/30/2023] server	 employee-route.js = {
  _id: new ObjectId("641903cde870ecf0230dc5b3"),
  empId: 1009,
  done: [],
  todo: [
    {
      text: 'load the dishwasher',
      _id: new ObjectId("6424cb956e46a41a1f02e58c")
    },
    {
      text: 'walk the dog',
      _id: new ObjectId("64261d15feb10e4cf91f75e8")
    },
    {
      text: 'walk the dog',
      _id: new ObjectId("64261da0feb10e4cf91f75f3")
    }
  ]
}
[3/30/2023] server	 employee-route.js = {
  _id: new ObjectId("641903cde870ecf0230dc5b3"),
  empId: 1009,
  firstName: 'Philip',
  lastName: 'Fry',
  __v: 4,
  done: [],
  todo: [
    {
      text: 'load the dishwasher',
      _id: new ObjectId("6424cb956e46a41a1f02e58c")
    },
    {
      text: 'walk the dog',
      _id: new ObjectId("64261d15feb10e4cf91f75e8")
    },
    {
      text: 'walk the dog',
      _id: new ObjectId("64261da0feb10e4cf91f75f3")
    },
    {
      text: 'find a job',
      _id: new ObjectId("64261df8feb10e4cf91f7601")
    }
  ]
}
[3/30/2023] server	 employee-route.js = {
  _id: new ObjectId("641903cde870ecf0230dc5b3"),
  empId: 1009,
  done: [],
  todo: [
    {
      text: 'load the dishwasher',
      _id: new ObjectId("6424cb956e46a41a1f02e58c")
    },
    {
      text: 'walk the dog',
      _id: new ObjectId("64261d15feb10e4cf91f75e8")
    },
    {
      text: 'walk the dog',
      _id: new ObjectId("64261da0feb10e4cf91f75f3")
    },
    {
      text: 'find a job',
      _id: new ObjectId("64261df8feb10e4cf91f7601")
    }
  ]
}
[3/30/2023] server	 employee-route.js = {
  _id: new ObjectId("641903cde870ecf0230dc5b3"),
  empId: 1009,
  firstName: 'Philip',
  lastName: 'Fry',
  __v: 5,
  done: [],
  todo: [
    {
      text: 'load the dishwasher',
      _id: new ObjectId("6424cb956e46a41a1f02e58c")
    },
    {
      text: 'walk the dog',
      _id: new ObjectId("64261d15feb10e4cf91f75e8")
    },
    {
      text: 'walk the dog',
      _id: new ObjectId("64261da0feb10e4cf91f75f3")
    },
    {
      text: 'find a job',
      _id: new ObjectId("64261df8feb10e4cf91f7601")
    },
    {
      text: 'hello there',
      _id: new ObjectId("642628dcfeb10e4cf91f760d")
    }
  ]
}
[3/30/2023] server	 employee-route.js = {
  _id: new ObjectId("641903cde870ecf0230dc5b3"),
  empId: 1009,
  done: [],
  todo: [
    {
      text: 'load the dishwasher',
      _id: new ObjectId("6424cb956e46a41a1f02e58c")
    },
    {
      text: 'walk the dog',
      _id: new ObjectId("64261d15feb10e4cf91f75e8")
    },
    {
      text: 'walk the dog',
      _id: new ObjectId("64261da0feb10e4cf91f75f3")
    },
    {
      text: 'find a job',
      _id: new ObjectId("64261df8feb10e4cf91f7601")
    },
    {
      text: 'hello there',
      _id: new ObjectId("642628dcfeb10e4cf91f760d")
    }
  ]
}
