[3/27/2023] server	 employee-route.js = empId could not be parsed: Bad Request
[3/27/2023] server	 employee-route.js = req.params must be a number: NaN
[3/27/2023] server	 employee-route.js = NotFoundError: Not Found
[3/27/2023] server	 employee-route.js = ReferenceError: next is not defined
[3/27/2023] server	 employee-route.js = NotFoundError: Not Found
[3/27/2023] server	 employee-route.js = ReferenceError: next is not defined
[3/27/2023] server	 employee-route.js = NotFoundError: Not Found
[3/27/2023] server	 employee-route.js = ReferenceError: next is not defined
[3/27/2023] server	 employee-route.js = req.params must be a number: NaN
[3/27/2023] server	 employee-route.js = req.params must be a number: NaN
[3/27/2023] server	 employee-route.js = NotFoundError: Not Found
[3/27/2023] server	 employee-route.js = req.params must be a number: NaN
[3/27/2023] server	 employee-route.js = NotFoundError: Not Found
[3/27/2023] server	 employee-route.js = req.params must be a number: NaN
[3/27/2023] server	 employee-route.js = req.params must be a number: foo
[3/27/2023] server	 employee-route.js = NotFoundError: Not Found
[3/27/2023] server	 employee-route.js = req.params must be a number: foo
[3/27/2023] server	 employee-route.js = NotFoundError: Not Found
[3/27/2023] server	 employee-route.js = NotFoundError: Not Found
[3/27/2023] server	 employee-route.js = NotFoundError: Not Found
[3/27/2023] server	 employee-route.js = req.params must be a number: foo
[3/27/2023] server	 employee-route.js = NotFoundError: Not Found
[3/27/2023] server	 employee-route.js = NotFoundError: Not Found
[3/27/2023] server	 employee-route.js = NotFoundError: Not Found
[3/27/2023] server	 employee-route.js = NotFoundError: Not Found
[3/27/2023] server	 employee-route.js = NotFoundError: Not Found
[3/27/2023] server	 employee-route.js = NotFoundError: Not Found
[3/29/2023] server	 employee-route.js = NotFoundError: Not Found
[3/29/2023] server	 employee-route.js = req.params must be a number: foo
[3/29/2023] server	 employee-route.js = Error: Bad Request
